2025-04-06 02:28:37,004 - root - INFO - Sistema de logging configurado
2025-04-06 02:28:37,005 - root - INFO - Iniciando análise de polimorfismos do DRD4 com ClustalW (modo normal)...
2025-04-06 02:28:37,921 - root - INFO - Buscando sequências com limite máximo de 250 por condição...
2025-04-06 02:28:37,921 - root - INFO - Buscando todas as sequências relacionadas a ADHD e autismo...
2025-04-06 02:28:37,922 - root - INFO - Buscando sequências relacionadas a 'ADHD' diretamente do NCBI...
2025-04-06 02:28:38,230 - root - INFO - Encontradas 47 sequências para 'ADHD'. Iniciando download...
2025-04-06 02:28:38,231 - root - INFO - Buscando 5 sequências a partir da posição 25...
2025-04-06 02:28:38,733 - root - INFO - Buscando 5 sequências a partir da posição 10...
2025-04-06 02:28:39,186 - root - INFO - Buscando 5 sequências a partir da posição 35...
2025-04-06 02:28:39,630 - root - INFO - Buscando 5 sequências a partir da posição 0...
2025-04-06 02:28:40,069 - root - INFO - Buscando 2 sequências a partir da posição 45...
2025-04-06 02:28:40,599 - root - INFO - Buscando 5 sequências a partir da posição 20...
2025-04-06 02:28:41,047 - root - INFO - Buscando 5 sequências a partir da posição 30...
2025-04-06 02:28:41,592 - root - INFO - Buscando 5 sequências a partir da posição 15...
2025-04-06 02:28:42,028 - root - INFO - Buscando 5 sequências a partir da posição 40...
2025-04-06 02:28:42,475 - root - INFO - Buscando 5 sequências a partir da posição 5...
2025-04-06 02:28:43,027 - root - INFO - Obtidas 47 sequências válidas para 'ADHD'
2025-04-06 02:28:43,029 - root - INFO - Cache salvo para 'ADHD'
2025-04-06 02:28:43,029 - root - INFO - Total de 47 sequências únicas para ADHD
2025-04-06 02:28:43,030 - root - INFO - Buscando sequências relacionadas a 'autism' diretamente do NCBI...
2025-04-06 02:28:43,340 - root - INFO - Encontradas 2 sequências para 'autism'. Iniciando download...
2025-04-06 02:28:43,340 - root - INFO - Buscando 2 sequências a partir da posição 0...
2025-04-06 02:28:43,843 - root - INFO - Obtidas 2 sequências válidas para 'autism'
2025-04-06 02:28:43,844 - root - INFO - Cache salvo para 'autism'
2025-04-06 02:28:43,844 - root - INFO - Total de 2 sequências únicas para Autismo
2025-04-06 02:28:43,844 - root - INFO - Total de sequências únicas relacionadas ao ADHD: 47
2025-04-06 02:28:43,844 - root - INFO - Total de sequências únicas relacionadas ao autismo: 2
2025-04-06 02:28:43,844 - root - INFO - Sequências relacionadas ao ADHD salvas no arquivo: drd4_analysis/sequences/drd4_adhd_sequences.fasta
2025-04-06 02:28:43,845 - root - INFO - Sequências relacionadas ao autismo salvas no arquivo: drd4_analysis/sequences/drd4_autism_sequences.fasta
2025-04-06 02:28:43,845 - root - INFO - Buscando todas as sequências relacionadas ao gene DRD4 no NCBI...
2025-04-06 02:28:44,152 - root - INFO - Encontradas 132 sequências. Iniciando download em lotes...
2025-04-06 02:28:44,153 - root - INFO - Buscando 10 sequências a partir da posição 20...
2025-04-06 02:28:45,067 - root - INFO - Buscando 10 sequências a partir da posição 100...
2025-04-06 02:28:45,525 - root - INFO - Buscando 10 sequências a partir da posição 80...
2025-04-06 02:28:46,077 - root - INFO - Buscando 10 sequências a partir da posição 50...
2025-04-06 02:28:46,688 - root - INFO - Buscando 10 sequências a partir da posição 10...
2025-04-06 02:28:47,330 - root - INFO - Buscando 10 sequências a partir da posição 120...
2025-04-06 02:28:47,902 - root - INFO - Buscando 10 sequências a partir da posição 60...
2025-04-06 02:28:48,367 - root - INFO - Buscando 10 sequências a partir da posição 40...
2025-04-06 02:28:48,947 - root - INFO - Buscando 10 sequências a partir da posição 90...
2025-04-06 02:28:49,399 - root - INFO - Buscando 10 sequências a partir da posição 30...
2025-04-06 02:28:49,849 - root - INFO - Buscando 10 sequências a partir da posição 0...
2025-04-06 02:29:23,451 - root - INFO - Buscando 10 sequências a partir da posição 110...
2025-04-06 02:29:45,556 - root - INFO - Buscando 2 sequências a partir da posição 130...
2025-04-06 02:29:45,997 - root - INFO - Buscando 10 sequências a partir da posição 70...
2025-04-06 02:29:46,450 - root - INFO - Processadas 122 sequências válidas do DRD4
2025-04-06 02:29:46,454 - root - INFO - Cache de todas as sequências DRD4 salvo
2025-04-06 02:29:46,457 - root - INFO - Todas as sequências relacionadas ao DRD4 salvas no arquivo: drd4_analysis/sequences/all_drd4_sequences.fasta
2025-04-06 02:29:46,505 - root - INFO - Todas as sequências DRD4 processadas. Arquivos criados em: drd4_analysis/sequences
2025-04-06 02:29:46,519 - root - INFO - Separadas 6 sequências variantes LC em drd4_analysis/sequences/drd4_adhd_variants.fasta
2025-04-06 02:29:46,523 - root - INFO - Arquivo ADHD original atualizado com 41 sequências regulares
2025-04-06 02:29:46,897 - root - INFO - Processando alinhamento e análise para ADHD...
2025-04-06 02:29:46,897 - root - INFO - Processando alinhamento e análise para Autismo...
2025-04-06 02:29:47,260 - root - INFO - Analisando alinhamento para detectar polimorfismos: drd4_analysis/alignments/drd4_aligned_Autismo.aln
2025-04-06 02:29:47,261 - root - INFO - Tamanho do alinhamento: 1399 posições.
2025-04-06 02:29:47,261 - root - INFO - Usando parâmetros para Autismo: min_vntr_length=24, max_gap_ratio=0.65, gap_threshold=0.2
2025-04-06 02:29:47,430 - root - INFO - VNTR detectado nas posições 1231 a 1256 (comprimento: 26 pb)
2025-04-06 02:29:47,430 - root - INFO - Detecção de polimorfismos concluída em 0.17 segundos
2025-04-06 02:29:47,430 - root - INFO - Total de SNPs: 1, Total de VNTRs: 1
2025-04-06 02:29:47,430 - root - INFO - Gerando relatório dos polimorfismos detectados para Autismo...
2025-04-06 02:29:47,431 - root - INFO - Relatório gerado no arquivo: drd4_analysis/reports/report_with_reference_autismo.txt
2025-04-06 02:29:47,431 - root - INFO - Analisando estatisticamente o relatório de polimorfismos...
2025-04-06 02:29:47,431 - root - INFO - Total de SNPs detectados: 1
2025-04-06 02:29:47,431 - root - INFO - Posições dos SNPs: [1223]
2025-04-06 02:29:47,432 - root - INFO - Densidade de SNPs: 1.000000 SNPs/pb
2025-04-06 02:29:47,432 - root - INFO - Total de VNTRs detectados: 1
2025-04-06 02:29:47,432 - root - INFO - Comprimento médio dos VNTRs: 26.00 pb
2025-04-06 02:29:47,432 - root - INFO - Comprimentos individuais: [26]
2025-04-06 02:29:47,432 - root - INFO - Análise de Autismo concluída em 0.53 segundos. Estatísticas: {'total_snps': 1, 'snp_positions': [1223], 'snp_density': 1.0, 'total_vntrs': 1, 'vntr_lengths': [26], 'avg_vntr_length': 26.0, 'hotspots': 0}
2025-04-06 02:29:47,433 - root - INFO - Processando alinhamento e análise para ADHD_Variantes...
2025-04-06 02:29:47,581 - root - INFO - Analisando alinhamento para detectar polimorfismos: drd4_analysis/alignments/drd4_aligned_ADHD_Variantes.aln
2025-04-06 02:29:47,582 - root - INFO - Tamanho do alinhamento: 1399 posições.
2025-04-06 02:29:47,582 - root - INFO - Usando parâmetros para ADHD: min_vntr_length=24, max_gap_ratio=0.7, gap_threshold=0.25
2025-04-06 02:29:47,642 - root - INFO - Detecção de polimorfismos concluída em 0.06 segundos
2025-04-06 02:29:47,642 - root - INFO - Total de SNPs: 20, Total de VNTRs: 0
2025-04-06 02:29:47,642 - root - INFO - Gerando relatório dos polimorfismos detectados para ADHD_Variantes...
2025-04-06 02:29:47,643 - root - INFO - Relatório gerado no arquivo: drd4_analysis/reports/report_with_reference_adhd_variantes.txt
2025-04-06 02:29:47,643 - root - INFO - Analisando estatisticamente o relatório de polimorfismos...
2025-04-06 02:29:47,643 - root - INFO - Total de SNPs detectados: 20
2025-04-06 02:29:47,643 - root - INFO - Posições dos SNPs: [254, 255, 257, 1244, 1245, 1246, 1247, 1248, 1249, 1250, 1251, 1252, 1254, 1255, 1256, 1257, 1258, 1259, 1261, 1262]
2025-04-06 02:29:47,644 - root - INFO - Densidade de SNPs: 0.019822 SNPs/pb
2025-04-06 02:29:47,644 - root - INFO - Total de VNTRs detectados: 0
2025-04-06 02:29:47,644 - root - INFO - Análise de ADHD_Variantes concluída em 0.21 segundos. Estatísticas: {'total_snps': 20, 'snp_positions': [254, 255, 257, 1244, 1245, 1246, 1247, 1248, 1249, 1250, 1251, 1252, 1254, 1255, 1256, 1257, 1258, 1259, 1261, 1262], 'snp_density': 0.019821605550049554, 'total_vntrs': 0, 'vntr_lengths': [], 'avg_vntr_length': 0, 'hotspots': 1}
2025-04-06 02:29:49,226 - root - INFO - Analisando alinhamento para detectar polimorfismos: drd4_analysis/alignments/drd4_aligned_ADHD.aln
2025-04-06 02:29:49,229 - root - INFO - Tamanho do alinhamento: 1544 posições.
2025-04-06 02:29:49,229 - root - INFO - Usando parâmetros para ADHD: min_vntr_length=24, max_gap_ratio=0.7, gap_threshold=0.25
2025-04-06 02:29:49,468 - root - INFO - VNTR detectado nas posições 1082 a 1168 (comprimento: 87 pb)
2025-04-06 02:29:49,468 - root - INFO - VNTR detectado nas posições 1419 a 1470 (comprimento: 52 pb)
2025-04-06 02:29:49,469 - root - INFO - Detecção de polimorfismos concluída em 0.24 segundos
2025-04-06 02:29:49,469 - root - INFO - Total de SNPs: 6, Total de VNTRs: 2
2025-04-06 02:29:49,469 - root - INFO - Gerando relatório dos polimorfismos detectados para ADHD...
2025-04-06 02:29:49,469 - root - INFO - Relatório gerado no arquivo: drd4_analysis/reports/report_with_reference_adhd.txt
2025-04-06 02:29:49,469 - root - INFO - Analisando estatisticamente o relatório de polimorfismos...
2025-04-06 02:29:49,470 - root - INFO - Total de SNPs detectados: 6
2025-04-06 02:29:49,470 - root - INFO - Posições dos SNPs: [885, 895, 938, 1308, 1337, 1340]
2025-04-06 02:29:49,470 - root - INFO - Densidade de SNPs: 0.013158 SNPs/pb
2025-04-06 02:29:49,470 - root - INFO - Total de VNTRs detectados: 2
2025-04-06 02:29:49,470 - root - INFO - Comprimento médio dos VNTRs: 69.50 pb
2025-04-06 02:29:49,470 - root - INFO - Comprimentos individuais: [87, 52]
2025-04-06 02:29:49,471 - root - INFO - Análise de ADHD concluída em 2.57 segundos. Estatísticas: {'total_snps': 6, 'snp_positions': [885, 895, 938, 1308, 1337, 1340], 'snp_density': 0.013157894736842105, 'total_vntrs': 2, 'vntr_lengths': [87, 52], 'avg_vntr_length': 69.5, 'hotspots': 0}
2025-04-06 02:29:49,476 - root - INFO - Iniciando alinhamento de sequências genéricas (não patológicas)...
2025-04-06 02:30:16,074 - root - INFO - Alinhamento de sequências genéricas concluído.
2025-04-06 02:30:16,075 - root - INFO - Análise completa para 3 condições
2025-04-06 02:30:16,075 - root - INFO - Condição: Autismo - SNPs: 1, VNTRs: 1
2025-04-06 02:30:16,075 - root - INFO - Condição: ADHD_Variantes - SNPs: 20, VNTRs: 0
2025-04-06 02:30:16,075 - root - INFO - Condição: ADHD - SNPs: 6, VNTRs: 2
2025-04-06 02:30:20,758 - root - INFO - Iniciando análise comparativa entre condições...
2025-04-06 02:30:23,573 - root - INFO - Visualização comparativa salva em: drd4_analysis/visualization/condition_comparison.png
2025-04-06 02:30:23,574 - root - INFO - Relatório comparativo salvo em: drd4_analysis/reports/comparative_report.txt
2025-04-06 02:30:23,574 - root - INFO - Análise comparativa concluída e salva em: drd4_analysis/visualization/condition_comparison.png
2025-04-06 02:30:23,574 - root - INFO - Processo completo executado em 106.57 segundos
